[:src/task5.c:main(13)]:ENTER(12:46:24): argc = 2
    [:src/task5.c:get_alg5_num(65)]:ENTER(12:46:24): val = 0
        [:src/task5.c:serialize_as_2(43)]:ENTER(12:46:24): val = 0
            [:src/task5.c:serialize_as_2(50)]:(12:46:24): buf[0], i 1
            [:src/task5.c:reverse_str(32)]:ENTER(12:46:24): 0, 1
            [:src/task5.c:reverse_str(38)]:LEAVE(12:46:24): reversed 0
        [:src/task5.c:serialize_as_2(52)]:LEAVE(12:46:24): ret 1
        [:src/task5.c:calc_bits(60)]:LEAVE(12:46:24): cnt = 0
        [:src/task5.c:binstr_to_int(88)]:ENTER(12:46:24): 10
        [:src/task5.c:binstr_to_int(94)]:LEAVE(12:46:24): res = 2
    [:src/task5.c:get_alg5_num(83)]:LEAVE(12:46:24): 2
    [:src/task5.c:get_alg5_num(65)]:ENTER(12:46:24): val = 1
        [:src/task5.c:serialize_as_2(43)]:ENTER(12:46:24): val = 1
            [:src/task5.c:serialize_as_2(50)]:(12:46:24): buf[1], i 1
            [:src/task5.c:reverse_str(32)]:ENTER(12:46:24): 1, 1
            [:src/task5.c:reverse_str(38)]:LEAVE(12:46:24): reversed 1
        [:src/task5.c:serialize_as_2(52)]:LEAVE(12:46:24): ret 1
        [:src/task5.c:calc_bits(60)]:LEAVE(12:46:24): cnt = 1
        [:src/task5.c:get_alg5_num(73)]:(12:46:24): buf[11]
        [:src/task5.c:binstr_to_int(88)]:ENTER(12:46:24): 11
        [:src/task5.c:binstr_to_int(94)]:LEAVE(12:46:24): res = 3
    [:src/task5.c:get_alg5_num(83)]:LEAVE(12:46:24): 3
    [:src/task5.c:get_alg5_num(65)]:ENTER(12:46:24): val = 2
        [:src/task5.c:serialize_as_2(43)]:ENTER(12:46:24): val = 2
            [:src/task5.c:serialize_as_2(50)]:(12:46:24): buf[01], i 2
            [:src/task5.c:reverse_str(32)]:ENTER(12:46:24): 01, 2
            [:src/task5.c:reverse_str(38)]:LEAVE(12:46:24): reversed 10
        [:src/task5.c:serialize_as_2(52)]:LEAVE(12:46:24): ret 2
        [:src/task5.c:calc_bits(60)]:LEAVE(12:46:24): cnt = 1
        [:src/task5.c:get_alg5_num(73)]:(12:46:24): buf[101]
        [:src/task5.c:binstr_to_int(88)]:ENTER(12:46:24): 111
        [:src/task5.c:binstr_to_int(94)]:LEAVE(12:46:24): res = 7
    [:src/task5.c:get_alg5_num(83)]:LEAVE(12:46:24): 7
    [:src/task5.c:get_alg5_num(65)]:ENTER(12:46:24): val = 3
        [:src/task5.c:serialize_as_2(43)]:ENTER(12:46:24): val = 3
            [:src/task5.c:serialize_as_2(50)]:(12:46:24): buf[11], i 2
            [:src/task5.c:reverse_str(32)]:ENTER(12:46:24): 11, 2
            [:src/task5.c:reverse_str(38)]:LEAVE(12:46:24): reversed 11
        [:src/task5.c:serialize_as_2(52)]:LEAVE(12:46:24): ret 2
        [:src/task5.c:calc_bits(60)]:LEAVE(12:46:24): cnt = 2
        [:src/task5.c:binstr_to_int(88)]:ENTER(12:46:24): 100
        [:src/task5.c:binstr_to_int(94)]:LEAVE(12:46:24): res = 4
    [:src/task5.c:get_alg5_num(83)]:LEAVE(12:46:24): 4
    [:src/task5.c:get_alg5_num(65)]:ENTER(12:46:24): val = 4
        [:src/task5.c:serialize_as_2(43)]:ENTER(12:46:24): val = 4
            [:src/task5.c:serialize_as_2(50)]:(12:46:24): buf[001], i 3
            [:src/task5.c:reverse_str(32)]:ENTER(12:46:24): 001, 3
            [:src/task5.c:reverse_str(38)]:LEAVE(12:46:24): reversed 100
        [:src/task5.c:serialize_as_2(52)]:LEAVE(12:46:24): ret 3
        [:src/task5.c:calc_bits(60)]:LEAVE(12:46:24): cnt = 1
        [:src/task5.c:get_alg5_num(73)]:(12:46:24): buf[1001]
        [:src/task5.c:binstr_to_int(88)]:ENTER(12:46:24): 1101
        [:src/task5.c:binstr_to_int(94)]:LEAVE(12:46:24): res = 13
    [:src/task5.c:get_alg5_num(83)]:LEAVE(12:46:24): 13
    [:src/task5.c:get_alg5_num(65)]:ENTER(12:46:24): val = 5
        [:src/task5.c:serialize_as_2(43)]:ENTER(12:46:24): val = 5
            [:src/task5.c:serialize_as_2(50)]:(12:46:24): buf[101], i 3
            [:src/task5.c:reverse_str(32)]:ENTER(12:46:24): 101, 3
            [:src/task5.c:reverse_str(38)]:LEAVE(12:46:24): reversed 101
        [:src/task5.c:serialize_as_2(52)]:LEAVE(12:46:24): ret 3
        [:src/task5.c:calc_bits(60)]:LEAVE(12:46:24): cnt = 2
        [:src/task5.c:binstr_to_int(88)]:ENTER(12:46:24): 1010
        [:src/task5.c:binstr_to_int(94)]:LEAVE(12:46:24): res = 10
    [:src/task5.c:get_alg5_num(83)]:LEAVE(12:46:24): 10
    [:src/task5.c:get_alg5_num(65)]:ENTER(12:46:24): val = 6
        [:src/task5.c:serialize_as_2(43)]:ENTER(12:46:24): val = 6
            [:src/task5.c:serialize_as_2(50)]:(12:46:24): buf[011], i 3
            [:src/task5.c:reverse_str(32)]:ENTER(12:46:24): 011, 3
            [:src/task5.c:reverse_str(38)]:LEAVE(12:46:24): reversed 110
        [:src/task5.c:serialize_as_2(52)]:LEAVE(12:46:24): ret 3
        [:src/task5.c:calc_bits(60)]:LEAVE(12:46:24): cnt = 2
        [:src/task5.c:binstr_to_int(88)]:ENTER(12:46:24): 1000
        [:src/task5.c:binstr_to_int(94)]:LEAVE(12:46:24): res = 8
    [:src/task5.c:get_alg5_num(83)]:LEAVE(12:46:24): 8
    [:src/task5.c:get_alg5_num(65)]:ENTER(12:46:24): val = 7
        [:src/task5.c:serialize_as_2(43)]:ENTER(12:46:24): val = 7
            [:src/task5.c:serialize_as_2(50)]:(12:46:24): buf[111], i 3
            [:src/task5.c:reverse_str(32)]:ENTER(12:46:24): 111, 3
            [:src/task5.c:reverse_str(38)]:LEAVE(12:46:24): reversed 111
        [:src/task5.c:serialize_as_2(52)]:LEAVE(12:46:24): ret 3
        [:src/task5.c:calc_bits(60)]:LEAVE(12:46:24): cnt = 3
        [:src/task5.c:get_alg5_num(73)]:(12:46:24): buf[1111]
        [:src/task5.c:binstr_to_int(88)]:ENTER(12:46:24): 1111
        [:src/task5.c:binstr_to_int(94)]:LEAVE(12:46:24): res = 15
    [:src/task5.c:get_alg5_num(83)]:LEAVE(12:46:24): 15
    [:src/task5.c:get_alg5_num(65)]:ENTER(12:46:24): val = 8
        [:src/task5.c:serialize_as_2(43)]:ENTER(12:46:24): val = 8
            [:src/task5.c:serialize_as_2(50)]:(12:46:24): buf[0001], i 4
            [:src/task5.c:reverse_str(32)]:ENTER(12:46:24): 0001, 4
            [:src/task5.c:reverse_str(38)]:LEAVE(12:46:24): reversed 1000
        [:src/task5.c:serialize_as_2(52)]:LEAVE(12:46:24): ret 4
        [:src/task5.c:calc_bits(60)]:LEAVE(12:46:24): cnt = 1
        [:src/task5.c:get_alg5_num(73)]:(12:46:24): buf[10001]
        [:src/task5.c:binstr_to_int(88)]:ENTER(12:46:24): 11001
        [:src/task5.c:binstr_to_int(94)]:LEAVE(12:46:24): res = 25
    [:src/task5.c:get_alg5_num(83)]:LEAVE(12:46:24): 25
    [:src/task5.c:get_alg5_num(65)]:ENTER(12:46:24): val = 9
        [:src/task5.c:serialize_as_2(43)]:ENTER(12:46:24): val = 9
            [:src/task5.c:serialize_as_2(50)]:(12:46:24): buf[1001], i 4
            [:src/task5.c:reverse_str(32)]:ENTER(12:46:24): 1001, 4
            [:src/task5.c:reverse_str(38)]:LEAVE(12:46:24): reversed 1001
        [:src/task5.c:serialize_as_2(52)]:LEAVE(12:46:24): ret 4
        [:src/task5.c:calc_bits(60)]:LEAVE(12:46:24): cnt = 2
        [:src/task5.c:binstr_to_int(88)]:ENTER(12:46:24): 10010
        [:src/task5.c:binstr_to_int(94)]:LEAVE(12:46:24): res = 18
    [:src/task5.c:get_alg5_num(83)]:LEAVE(12:46:25): 18
    [:src/task5.c:get_alg5_num(65)]:ENTER(12:46:25): val = 10
        [:src/task5.c:serialize_as_2(43)]:ENTER(12:46:25): val = 10
            [:src/task5.c:serialize_as_2(50)]:(12:46:25): buf[0101], i 4
            [:src/task5.c:reverse_str(32)]:ENTER(12:46:25): 0101, 4
            [:src/task5.c:reverse_str(38)]:LEAVE(12:46:25): reversed 1010
        [:src/task5.c:serialize_as_2(52)]:LEAVE(12:46:25): ret 4
        [:src/task5.c:calc_bits(60)]:LEAVE(12:46:25): cnt = 2
        [:src/task5.c:binstr_to_int(88)]:ENTER(12:46:25): 10100
        [:src/task5.c:binstr_to_int(94)]:LEAVE(12:46:25): res = 20
    [:src/task5.c:get_alg5_num(83)]:LEAVE(12:46:25): 20
    [:src/task5.c:get_alg5_num(65)]:ENTER(12:46:25): val = 11
        [:src/task5.c:serialize_as_2(43)]:ENTER(12:46:25): val = 11
            [:src/task5.c:serialize_as_2(50)]:(12:46:25): buf[1101], i 4
            [:src/task5.c:reverse_str(32)]:ENTER(12:46:25): 1101, 4
            [:src/task5.c:reverse_str(38)]:LEAVE(12:46:25): reversed 1011
        [:src/task5.c:serialize_as_2(52)]:LEAVE(12:46:25): ret 4
        [:src/task5.c:calc_bits(60)]:LEAVE(12:46:25): cnt = 3
        [:src/task5.c:get_alg5_num(73)]:(12:46:25): buf[10111]
        [:src/task5.c:binstr_to_int(88)]:ENTER(12:46:25): 11111
        [:src/task5.c:binstr_to_int(94)]:LEAVE(12:46:25): res = 31
    [:src/task5.c:get_alg5_num(83)]:LEAVE(12:46:25): 31
    [:src/task5.c:get_alg5_num(65)]:ENTER(12:46:25): val = 12
        [:src/task5.c:serialize_as_2(43)]:ENTER(12:46:25): val = 12
            [:src/task5.c:serialize_as_2(50)]:(12:46:25): buf[0011], i 4
            [:src/task5.c:reverse_str(32)]:ENTER(12:46:25): 0011, 4
            [:src/task5.c:reverse_str(38)]:LEAVE(12:46:25): reversed 1100
        [:src/task5.c:serialize_as_2(52)]:LEAVE(12:46:25): ret 4
        [:src/task5.c:calc_bits(60)]:LEAVE(12:46:25): cnt = 2
        [:src/task5.c:binstr_to_int(88)]:ENTER(12:46:25): 10000
        [:src/task5.c:binstr_to_int(94)]:LEAVE(12:46:25): res = 16
    [:src/task5.c:get_alg5_num(83)]:LEAVE(12:46:25): 16
    [:src/task5.c:get_alg5_num(65)]:ENTER(12:46:25): val = 13
        [:src/task5.c:serialize_as_2(43)]:ENTER(12:46:25): val = 13
            [:src/task5.c:serialize_as_2(50)]:(12:46:25): buf[1011], i 4
            [:src/task5.c:reverse_str(32)]:ENTER(12:46:25): 1011, 4
            [:src/task5.c:reverse_str(38)]:LEAVE(12:46:25): reversed 1101
        [:src/task5.c:serialize_as_2(52)]:LEAVE(12:46:25): ret 4
        [:src/task5.c:calc_bits(60)]:LEAVE(12:46:25): cnt = 3
        [:src/task5.c:get_alg5_num(73)]:(12:46:25): buf[11011]
        [:src/task5.c:binstr_to_int(88)]:ENTER(12:46:25): 11011
        [:src/task5.c:binstr_to_int(94)]:LEAVE(12:46:25): res = 27
    [:src/task5.c:get_alg5_num(83)]:LEAVE(12:46:25): 27
    [:src/task5.c:get_alg5_num(65)]:ENTER(12:46:25): val = 14
        [:src/task5.c:serialize_as_2(43)]:ENTER(12:46:25): val = 14
            [:src/task5.c:serialize_as_2(50)]:(12:46:25): buf[0111], i 4
            [:src/task5.c:reverse_str(32)]:ENTER(12:46:25): 0111, 4
            [:src/task5.c:reverse_str(38)]:LEAVE(12:46:25): reversed 1110
        [:src/task5.c:serialize_as_2(52)]:LEAVE(12:46:25): ret 4
        [:src/task5.c:calc_bits(60)]:LEAVE(12:46:25): cnt = 3
        [:src/task5.c:get_alg5_num(73)]:(12:46:25): buf[11101]
        [:src/task5.c:binstr_to_int(88)]:ENTER(12:46:25): 11101
        [:src/task5.c:binstr_to_int(94)]:LEAVE(12:46:25): res = 29
    [:src/task5.c:get_alg5_num(83)]:LEAVE(12:46:25): 29
    [:src/task5.c:get_alg5_num(65)]:ENTER(12:46:25): val = 15
        [:src/task5.c:serialize_as_2(43)]:ENTER(12:46:25): val = 15
            [:src/task5.c:serialize_as_2(50)]:(12:46:25): buf[1111], i 4
            [:src/task5.c:reverse_str(32)]:ENTER(12:46:25): 1111, 4
            [:src/task5.c:reverse_str(38)]:LEAVE(12:46:25): reversed 1111
        [:src/task5.c:serialize_as_2(52)]:LEAVE(12:46:25): ret 4
        [:src/task5.c:calc_bits(60)]:LEAVE(12:46:25): cnt = 4
        [:src/task5.c:binstr_to_int(88)]:ENTER(12:46:25): 10110
        [:src/task5.c:binstr_to_int(94)]:LEAVE(12:46:25): res = 22
    [:src/task5.c:get_alg5_num(83)]:LEAVE(12:46:25): 22
    [:src/task5.c:get_alg5_num(65)]:ENTER(12:46:25): val = 16
        [:src/task5.c:serialize_as_2(43)]:ENTER(12:46:25): val = 16
            [:src/task5.c:serialize_as_2(50)]:(12:46:25): buf[00001], i 5
            [:src/task5.c:reverse_str(32)]:ENTER(12:46:25): 00001, 5
            [:src/task5.c:reverse_str(38)]:LEAVE(12:46:25): reversed 10000
        [:src/task5.c:serialize_as_2(52)]:LEAVE(12:46:25): ret 5
        [:src/task5.c:calc_bits(60)]:LEAVE(12:46:25): cnt = 1
        [:src/task5.c:get_alg5_num(73)]:(12:46:25): buf[100001]
        [:src/task5.c:binstr_to_int(88)]:ENTER(12:46:25): 110001
        [:src/task5.c:binstr_to_int(94)]:LEAVE(12:46:25): res = 49
    [:src/task5.c:get_alg5_num(83)]:LEAVE(12:46:25): 49
    [:src/task5.c:get_alg5_num(65)]:ENTER(12:46:25): val = 17
        [:src/task5.c:serialize_as_2(43)]:ENTER(12:46:25): val = 17
            [:src/task5.c:serialize_as_2(50)]:(12:46:25): buf[10001], i 5
            [:src/task5.c:reverse_str(32)]:ENTER(12:46:25): 10001, 5
            [:src/task5.c:reverse_str(38)]:LEAVE(12:46:25): reversed 10001
        [:src/task5.c:serialize_as_2(52)]:LEAVE(12:46:25): ret 5
        [:src/task5.c:calc_bits(60)]:LEAVE(12:46:25): cnt = 2
        [:src/task5.c:binstr_to_int(88)]:ENTER(12:46:25): 100010
        [:src/task5.c:binstr_to_int(94)]:LEAVE(12:46:25): res = 34
    [:src/task5.c:get_alg5_num(83)]:LEAVE(12:46:25): 34
    [:src/task5.c:get_alg5_num(65)]:ENTER(12:46:25): val = 18
        [:src/task5.c:serialize_as_2(43)]:ENTER(12:46:25): val = 18
            [:src/task5.c:serialize_as_2(50)]:(12:46:25): buf[01001], i 5
            [:src/task5.c:reverse_str(32)]:ENTER(12:46:25): 01001, 5
            [:src/task5.c:reverse_str(38)]:LEAVE(12:46:25): reversed 10010
        [:src/task5.c:serialize_as_2(52)]:LEAVE(12:46:25): ret 5
        [:src/task5.c:calc_bits(60)]:LEAVE(12:46:25): cnt = 2
        [:src/task5.c:binstr_to_int(88)]:ENTER(12:46:25): 100100
        [:src/task5.c:binstr_to_int(94)]:LEAVE(12:46:25): res = 36
    [:src/task5.c:get_alg5_num(83)]:LEAVE(12:46:25): 36
    [:src/task5.c:get_alg5_num(65)]:ENTER(12:46:25): val = 19
        [:src/task5.c:serialize_as_2(43)]:ENTER(12:46:25): val = 19
            [:src/task5.c:serialize_as_2(50)]:(12:46:25): buf[11001], i 5
            [:src/task5.c:reverse_str(32)]:ENTER(12:46:25): 11001, 5
            [:src/task5.c:reverse_str(38)]:LEAVE(12:46:25): reversed 10011
        [:src/task5.c:serialize_as_2(52)]:LEAVE(12:46:25): ret 5
        [:src/task5.c:calc_bits(60)]:LEAVE(12:46:25): cnt = 3
        [:src/task5.c:get_alg5_num(73)]:(12:46:25): buf[100111]
        [:src/task5.c:binstr_to_int(88)]:ENTER(12:46:25): 110111
        [:src/task5.c:binstr_to_int(94)]:LEAVE(12:46:25): res = 55
    [:src/task5.c:get_alg5_num(83)]:LEAVE(12:46:25): 55
    [:src/task5.c:get_alg5_num(65)]:ENTER(12:46:25): val = 20
        [:src/task5.c:serialize_as_2(43)]:ENTER(12:46:25): val = 20
            [:src/task5.c:serialize_as_2(50)]:(12:46:25): buf[00101], i 5
            [:src/task5.c:reverse_str(32)]:ENTER(12:46:25): 00101, 5
            [:src/task5.c:reverse_str(38)]:LEAVE(12:46:25): reversed 10100
        [:src/task5.c:serialize_as_2(52)]:LEAVE(12:46:25): ret 5
        [:src/task5.c:calc_bits(60)]:LEAVE(12:46:25): cnt = 2
        [:src/task5.c:binstr_to_int(88)]:ENTER(12:46:25): 101000
        [:src/task5.c:binstr_to_int(94)]:LEAVE(12:46:25): res = 40
    [:src/task5.c:get_alg5_num(83)]:LEAVE(12:46:25): 40
    [:src/task5.c:get_alg5_num(65)]:ENTER(12:46:25): val = 21
        [:src/task5.c:serialize_as_2(43)]:ENTER(12:46:25): val = 21
            [:src/task5.c:serialize_as_2(50)]:(12:46:25): buf[10101], i 5
            [:src/task5.c:reverse_str(32)]:ENTER(12:46:25): 10101, 5
            [:src/task5.c:reverse_str(38)]:LEAVE(12:46:25): reversed 10101
        [:src/task5.c:serialize_as_2(52)]:LEAVE(12:46:25): ret 5
        [:src/task5.c:calc_bits(60)]:LEAVE(12:46:25): cnt = 3
        [:src/task5.c:get_alg5_num(73)]:(12:46:25): buf[101011]
        [:src/task5.c:binstr_to_int(88)]:ENTER(12:46:25): 111011
        [:src/task5.c:binstr_to_int(94)]:LEAVE(12:46:25): res = 59
    [:src/task5.c:get_alg5_num(83)]:LEAVE(12:46:25): 59
    [:src/task5.c:get_alg5_num(65)]:ENTER(12:46:25): val = 22
        [:src/task5.c:serialize_as_2(43)]:ENTER(12:46:25): val = 22
            [:src/task5.c:serialize_as_2(50)]:(12:46:25): buf[01101], i 5
            [:src/task5.c:reverse_str(32)]:ENTER(12:46:25): 01101, 5
            [:src/task5.c:reverse_str(38)]:LEAVE(12:46:25): reversed 10110
        [:src/task5.c:serialize_as_2(52)]:LEAVE(12:46:25): ret 5
        [:src/task5.c:calc_bits(60)]:LEAVE(12:46:25): cnt = 3
        [:src/task5.c:get_alg5_num(73)]:(12:46:25): buf[101101]
        [:src/task5.c:binstr_to_int(88)]:ENTER(12:46:25): 111101
        [:src/task5.c:binstr_to_int(94)]:LEAVE(12:46:25): res = 61
    [:src/task5.c:get_alg5_num(83)]:LEAVE(12:46:25): 61
[:src/task5.c:main(28)]:LEAVE(12:46:25): 61
