[main(105)]:ENTER: Starting
    [err_sethandler(203)]:LEAVE: err_default_handler is activated

    [launcher(175)]:  Activating env buffer
    [tf1(69)]:ENTER: tf1: Bare test set/check/unset
        [push(15)]:ENTER: 1.234500
        [push(23)]:LEAVE: true
        [pop(27)]:ENTER: 
        [pop(33)]:LEAVE: 1.234500
        [tf1(79)]:  SUB1 OK
        [push(15)]:ENTER: 0.000000
        [push(23)]:LEAVE: true
        [push(15)]:ENTER: 1.000000
        [push(23)]:LEAVE: true
        [push(15)]:ENTER: 2.000000
        [push(23)]:LEAVE: true
        [push(15)]:ENTER: 3.000000
        [push(23)]:LEAVE: true
        [push(15)]:ENTER: 4.000000
        [push(23)]:LEAVE: true
        [push(15)]:ENTER: 5.000000
        [push(23)]:LEAVE: true
        [push(15)]:ENTER: 6.000000
        [push(23)]:LEAVE: true
        [push(15)]:ENTER: 7.000000
        [push(23)]:LEAVE: true
        [push(15)]:ENTER: 8.000000
        [push(23)]:LEAVE: true
        [push(15)]:ENTER: 9.000000
        [push(23)]:LEAVE: true
        [push(15)]:ENTER: 10.000000
        [push(23)]:LEAVE: true
        [push(15)]:ENTER: 11.000000
        [push(23)]:LEAVE: true
        [push(15)]:ENTER: 12.000000
        [push(23)]:LEAVE: true
        [push(15)]:ENTER: 13.000000
        [push(23)]:LEAVE: true
        [push(15)]:ENTER: 14.000000
        [push(23)]:LEAVE: true
        [push(15)]:ENTER: 15.000000
        [push(23)]:LEAVE: true
        [push(15)]:ENTER: 16.000000
        [push(23)]:LEAVE: true
        [push(15)]:ENTER: 17.000000
        [push(23)]:LEAVE: true
        [push(15)]:ENTER: 18.000000
        [push(23)]:LEAVE: true
        [push(15)]:ENTER: 19.000000
        [push(23)]:LEAVE: true
        [push(15)]:ENTER: 20.000000
        [push(23)]:LEAVE: true
        [push(15)]:ENTER: 21.000000
        [push(23)]:LEAVE: true
        [push(15)]:ENTER: 22.000000
        [push(23)]:LEAVE: true
        [push(15)]:ENTER: 23.000000
        [push(23)]:LEAVE: true
        [push(15)]:ENTER: 24.000000
        [push(23)]:LEAVE: true
        [push(15)]:ENTER: 25.000000
        [push(23)]:LEAVE: true
        [push(15)]:ENTER: 26.000000
        [push(23)]:LEAVE: true
        [push(15)]:ENTER: 27.000000
        [push(23)]:LEAVE: true
        [push(15)]:ENTER: 28.000000
        [push(23)]:LEAVE: true
        [push(15)]:ENTER: 29.000000
        [push(23)]:LEAVE: true
        [push(15)]:ENTER: 30.000000
        [push(23)]:LEAVE: true
        [push(15)]:ENTER: 31.000000
        [push(23)]:LEAVE: true
        [push(15)]:ENTER: 32.000000
        [push(23)]:LEAVE: true
        [push(15)]:ENTER: 33.000000
        [push(23)]:LEAVE: true
        [push(15)]:ENTER: 34.000000
        [push(23)]:LEAVE: true
        [push(15)]:ENTER: 35.000000
        [push(23)]:LEAVE: true
        [push(15)]:ENTER: 36.000000
        [push(23)]:LEAVE: true
        [push(15)]:ENTER: 37.000000
        [push(23)]:LEAVE: true
        [push(15)]:ENTER: 38.000000
        [push(23)]:LEAVE: true
        [push(15)]:ENTER: 39.000000
        [push(23)]:LEAVE: true
        [push(15)]:ENTER: 40.000000
        [push(23)]:LEAVE: true
        [push(15)]:ENTER: 41.000000
        [push(23)]:LEAVE: true
        [push(15)]:ENTER: 42.000000
        [push(23)]:LEAVE: true
        [push(15)]:ENTER: 43.000000
        [push(23)]:LEAVE: true
        [push(15)]:ENTER: 44.000000
        [push(23)]:LEAVE: true
        [push(15)]:ENTER: 45.000000
        [push(23)]:LEAVE: true
        [push(15)]:ENTER: 46.000000
        [push(23)]:LEAVE: true
        [push(15)]:ENTER: 47.000000
        [push(23)]:LEAVE: true
        [push(15)]:ENTER: 48.000000
        [push(23)]:LEAVE: true
        [push(15)]:ENTER: 49.000000
        [push(23)]:LEAVE: true
        [pop(27)]:ENTER: 
        [pop(33)]:LEAVE: 49.000000
        [pop(27)]:ENTER: 
        [pop(33)]:LEAVE: 48.000000
        [pop(27)]:ENTER: 
        [pop(33)]:LEAVE: 47.000000
        [pop(27)]:ENTER: 
        [pop(33)]:LEAVE: 46.000000
        [pop(27)]:ENTER: 
        [pop(33)]:LEAVE: 45.000000
        [pop(27)]:ENTER: 
        [pop(33)]:LEAVE: 44.000000
        [pop(27)]:ENTER: 
        [pop(33)]:LEAVE: 43.000000
        [pop(27)]:ENTER: 
        [pop(33)]:LEAVE: 42.000000
        [pop(27)]:ENTER: 
        [pop(33)]:LEAVE: 41.000000
        [pop(27)]:ENTER: 
        [pop(33)]:LEAVE: 40.000000
        [pop(27)]:ENTER: 
        [pop(33)]:LEAVE: 39.000000
        [pop(27)]:ENTER: 
        [pop(33)]:LEAVE: 38.000000
        [pop(27)]:ENTER: 
        [pop(33)]:LEAVE: 37.000000
        [pop(27)]:ENTER: 
        [pop(33)]:LEAVE: 36.000000
        [pop(27)]:ENTER: 
        [pop(33)]:LEAVE: 35.000000
        [pop(27)]:ENTER: 
        [pop(33)]:LEAVE: 34.000000
        [pop(27)]:ENTER: 
        [pop(33)]:LEAVE: 33.000000
        [pop(27)]:ENTER: 
        [pop(33)]:LEAVE: 32.000000
        [pop(27)]:ENTER: 
        [pop(33)]:LEAVE: 31.000000
        [pop(27)]:ENTER: 
        [pop(33)]:LEAVE: 30.000000
        [pop(27)]:ENTER: 
        [pop(33)]:LEAVE: 29.000000
        [pop(27)]:ENTER: 
        [pop(33)]:LEAVE: 28.000000
        [pop(27)]:ENTER: 
        [pop(33)]:LEAVE: 27.000000
        [pop(27)]:ENTER: 
        [pop(33)]:LEAVE: 26.000000
        [pop(27)]:ENTER: 
        [pop(33)]:LEAVE: 25.000000
        [pop(27)]:ENTER: 
        [pop(33)]:LEAVE: 24.000000
        [pop(27)]:ENTER: 
        [pop(33)]:LEAVE: 23.000000
        [pop(27)]:ENTER: 
        [pop(33)]:LEAVE: 22.000000
        [pop(27)]:ENTER: 
        [pop(33)]:LEAVE: 21.000000
        [pop(27)]:ENTER: 
        [pop(33)]:LEAVE: 20.000000
        [pop(27)]:ENTER: 
        [pop(33)]:LEAVE: 19.000000
        [pop(27)]:ENTER: 
        [pop(33)]:LEAVE: 18.000000
        [pop(27)]:ENTER: 
        [pop(33)]:LEAVE: 17.000000
        [pop(27)]:ENTER: 
        [pop(33)]:LEAVE: 16.000000
        [pop(27)]:ENTER: 
        [pop(33)]:LEAVE: 15.000000
        [pop(27)]:ENTER: 
        [pop(33)]:LEAVE: 14.000000
        [pop(27)]:ENTER: 
        [pop(33)]:LEAVE: 13.000000
        [pop(27)]:ENTER: 
        [pop(33)]:LEAVE: 12.000000
        [pop(27)]:ENTER: 
        [pop(33)]:LEAVE: 11.000000
        [pop(27)]:ENTER: 
        [pop(33)]:LEAVE: 10.000000
        [pop(27)]:ENTER: 
        [pop(33)]:LEAVE: 9.000000
        [pop(27)]:ENTER: 
        [pop(33)]:LEAVE: 8.000000
        [pop(27)]:ENTER: 
        [pop(33)]:LEAVE: 7.000000
        [pop(27)]:ENTER: 
        [pop(33)]:LEAVE: 6.000000
        [pop(27)]:ENTER: 
        [pop(33)]:LEAVE: 5.000000
        [pop(27)]:ENTER: 
        [pop(33)]:LEAVE: 4.000000
        [pop(27)]:ENTER: 
        [pop(33)]:LEAVE: 3.000000
        [pop(27)]:ENTER: 
        [pop(33)]:LEAVE: 2.000000
        [pop(27)]:ENTER: 
        [pop(33)]:LEAVE: 1.000000
        [pop(27)]:ENTER: 
        [pop(33)]:LEAVE: 0.000000
        [tf1(92)]:  SUB2 OK
    [tf1(94)]:LEAVE: done 2 subtests
[main(111)]:LEAVE: end...
